INFO 2026-07-07 16:19:03,960 charge request: {'pan': '••••••••••••1111 (PAN)', 'cvv': '••••', 'ssn': '•••-••-9981', 'amount': 250.0}
INFO 2026-07-07 16:19:03,977 customer: {'ssn': '•••-••-9981', 'amount': 100.0}
INFO 2026-07-07 16:19:03,995 payment: {'cvv': '••••'}
INFO 2026-07-07 16:19:04,011 customer: {'email': '••••@example.com', 'phone': '•••-•••-4567'}
INFO 2026-07-07 16:19:04,028 transaction: {'transaction_id': 'TXN-12345', 'amount': '250.00', 'reference': 'REF-9876'}
INFO 2026-07-07 16:19:16,072 charge request: {'pan': '••••••••••••1111 (PAN)', 'cvv': '••••', 'ssn': '•••-••-9981', 'amount': 250.0}
INFO 2026-07-07 16:19:16,089 customer: {'ssn': '•••-••-9981', 'amount': 100.0}
INFO 2026-07-07 16:19:16,108 payment: {'cvv': '••••'}
INFO 2026-07-07 16:19:16,125 customer: {'email': '••••@example.com', 'phone': '•••-•••-4567'}
INFO 2026-07-07 16:19:16,141 transaction: {'transaction_id': 'TXN-12345', 'amount': '250.00', 'reference': 'REF-9876'}
INFO 2026-07-07 16:27:16,623 charge request: {'pan': '••••••••••••1111 (PAN)', 'cvv': '••••', 'ssn': '•••-••-9981', 'amount': 250.0}
INFO 2026-07-07 16:27:16,634 customer: {'ssn': '•••-••-9981', 'amount': 100.0}
INFO 2026-07-07 16:27:16,651 payment: {'cvv': '••••'}
INFO 2026-07-07 16:27:16,670 customer: {'email': '••••@example.com', 'phone': '•••-•••-4567'}
INFO 2026-07-07 16:27:16,686 transaction: {'transaction_id': 'TXN-12345', 'amount': '250.00', 'reference': 'REF-9876'}
INFO 2026-07-07 16:27:16,706 charge: {'pan': '••••••••••••1111 (PAN)', 'cvv': '••••'}
INFO 2026-07-07 16:28:29,470 charge request: {'pan': '••••••••••••1111 (PAN)', 'cvv': '••••', 'ssn': '•••-••-9981', 'amount': 250.0}
INFO 2026-07-07 16:28:29,482 customer: {'ssn': '•••-••-9981', 'amount': 100.0}
INFO 2026-07-07 16:28:29,529 payment: {'cvv': '••••'}
INFO 2026-07-07 16:28:29,548 customer: {'email': '••••@example.com', 'phone': '•••-•••-4567'}
INFO 2026-07-07 16:28:29,573 transaction: {'transaction_id': 'TXN-12345', 'amount': '250.00', 'reference': 'REF-9876'}
INFO 2026-07-07 16:29:06,460 charge: {'pan': '••••••••••••1111 (PAN)', 'cvv': '••••'}
INFO 2026-07-07 16:31:11,703 charge request: {'pan': '••••••••••••1111 (PAN)', 'cvv': '••••', 'ssn': '•••-••-9981', 'amount': 250.0}
INFO 2026-07-07 16:31:11,714 customer: {'ssn': '•••-••-9981', 'amount': 100.0}
INFO 2026-07-07 16:31:11,732 payment: {'cvv': '••••'}
INFO 2026-07-07 16:31:11,748 customer: {'email': '••••@example.com', 'phone': '•••-•••-4567'}
INFO 2026-07-07 16:31:11,764 transaction: {'transaction_id': 'TXN-12345', 'amount': '250.00', 'reference': 'REF-9876'}
INFO 2026-07-07 16:31:11,780 charge: {'pan': '••••••••••••1111 (PAN)', 'cvv': '••••'}
